#
# There is insufficient memory for the Java Runtime Environment to continue.
# Native memory allocation (malloc) failed to allocate 1924336 bytes for Chunk::new
# Possible reasons:
#   The system is out of physical RAM or swap space
#   The process is running with CompressedOops enabled, and the Java Heap may be blocking the growth of the native heap
# Possible solutions:
#   Reduce memory load on the system
#   Increase physical memory or swap space
#   Check if swap backing store is full
#   Decrease Java heap size (-Xmx/-Xms)
#   Decrease number of Java threads
#   Decrease Java thread stack sizes (-Xss)
#   Set larger code cache with -XX:ReservedCodeCacheSize=
#   JVM is running with Unscaled Compressed Oops mode in which the Java heap is
#     placed in the first 4GB address space. The Java Heap base address is the
#     maximum limit for the native heap growth. Please use -XX:HeapBaseMinAddress
#     to set the Java Heap base and to place the Java Heap above 4GB virtual address.
# This output file may be truncated or incomplete.
#
#  Out of Memory Error (allocation.cpp:389), pid=2856, tid=0x0000000000001a48
#
# JRE version: OpenJDK Runtime Environment (8.0_242-b01) (build 1.8.0_242-release-1644-b01)
# Java VM: OpenJDK 64-Bit Server VM (25.242-b01 mixed mode windows-amd64 compressed oops)
# Failed to write core dump. Minidumps are not enabled by default on client versions of Windows
#

---------------  T H R E A D  ---------------

Current thread (0x000000001822a000):  JavaThread "C2 CompilerThread0" daemon [_thread_in_native, id=6728, stack(0x0000000019b20000,0x0000000019c20000)]

Stack: [0x0000000019b20000,0x0000000019c20000]
[error occurred during error reporting (printing stack bounds), id 0xc0000005]

Native frames: (J=compiled Java code, j=interpreted, Vv=VM code, C=native code)


Current CompileTask:
C2:1425919 23270 %     4       com.android.tools.r8.u.b.W::c @ 652 (1138 bytes)


---------------  P R O C E S S  ---------------

Java Threads: ( => current thread )
  0x000000001c67c000 JavaThread "WorkerExecutor Queue Thread 8" [_thread_blocked, id=9344, stack(0x000000002e360000,0x000000002e460000)]
  0x000000001c67a800 JavaThread "WorkerExecutor Queue Thread 7" [_thread_blocked, id=10924, stack(0x000000002dfb0000,0x000000002e0b0000)]
  0x000000001c680000 JavaThread "WorkerExecutor Queue Thread 6" [_thread_blocked, id=576, stack(0x000000002deb0000,0x000000002dfb0000)]
  0x000000001c67f000 JavaThread "ForkJoinPool.commonPool-worker-0" daemon [_thread_blocked, id=5176, stack(0x000000002d4d0000,0x000000002d5d0000)]
  0x000000001c67d800 JavaThread "ForkJoinPool.commonPool-worker-3" daemon [_thread_blocked, id=2240, stack(0x000000002d3d0000,0x000000002d4d0000)]
  0x000000001c67e800 JavaThread "ForkJoinPool.commonPool-worker-2" daemon [_thread_blocked, id=7564, stack(0x000000002cdd0000,0x000000002ced0000)]
  0x000000001c67b800 JavaThread "Cache worker for Java compile cache (C:\Users\82105\Desktop\irex\.gradle\6.1.1\javaCompile)" [_thread_blocked, id=5252, stack(0x000000002ccd0000,0x000000002cdd0000)]
  0x000000001c680800 JavaThread "WorkerExecutor Queue Thread 5" [_thread_blocked, id=9952, stack(0x000000002e4a0000,0x000000002e5a0000)]
  0x000000001c67a000 JavaThread "stdout" [_thread_in_native, id=5780, stack(0x000000002ddb0000,0x000000002deb0000)]
  0x000000001c67d000 JavaThread "stderr" [_thread_in_native, id=10116, stack(0x000000002dcb0000,0x000000002ddb0000)]
  0x000000001b09d800 JavaThread "stdout" [_thread_in_native, id=4832, stack(0x000000002dbb0000,0x000000002dcb0000)]
  0x000000001b097800 JavaThread "stderr" [_thread_in_native, id=1260, stack(0x000000002dab0000,0x000000002dbb0000)]
  0x000000001ee6e000 JavaThread "stdout" [_thread_in_native, id=7500, stack(0x000000002d820000,0x000000002d920000)]
  0x000000001ee6c000 JavaThread "stderr" [_thread_in_native, id=2408, stack(0x000000002cbd0000,0x000000002ccd0000)]
  0x000000001ee64800 JavaThread "pool-16-thread-1" [_thread_blocked, id=5552, stack(0x000000002d9b0000,0x000000002dab0000)]
  0x000000001ee6a800 JavaThread "WorkerExecutor Queue Thread 2" [_thread_in_Java, id=9484, stack(0x000000002d2d0000,0x000000002d3d0000)]
  0x000000001ee63800 JavaThread "Cache worker for execution history cache (C:\Users\82105\Desktop\irex\.gradle\6.1.1\executionHistory)" [_thread_blocked, id=2248, stack(0x000000002cad0000,0x000000002cbd0000)]
  0x000000001ee68000 JavaThread "Execution worker for ':' Thread 3" [_thread_blocked, id=9836, stack(0x000000002c7d0000,0x000000002c8d0000)]
  0x000000001ee65000 JavaThread "Execution worker for ':' Thread 2" [_thread_blocked, id=2508, stack(0x0000000028600000,0x0000000028700000)]
  0x000000001ee69800 JavaThread "Execution worker for ':'" [_thread_blocked, id=7976, stack(0x0000000028400000,0x0000000028500000)]
  0x000000001ee62000 JavaThread "Cache worker for file content cache (C:\Users\82105\Desktop\irex\.gradle\6.1.1\fileContent)" [_thread_blocked, id=8940, stack(0x00000000270f0000,0x00000000271f0000)]
  0x000000001ee60800 JavaThread "Cache worker for Build Output Cleanup Cache (C:\Users\82105\Desktop\irex\.gradle\buildOutputCleanup)" [_thread_blocked, id=392, stack(0x00000000255d0000,0x00000000256d0000)]
  0x000000001ee61800 JavaThread "Build operations Thread 4" [_thread_blocked, id=7268, stack(0x00000000252d0000,0x00000000253d0000)]
  0x000000001ee67800 JavaThread "Build operations Thread 3" [_thread_blocked, id=2356, stack(0x0000000024910000,0x0000000024a10000)]
  0x000000001c5cf800 JavaThread "Build operations Thread 2" [_thread_blocked, id=8428, stack(0x0000000023760000,0x0000000023860000)]
  0x000000001c5cf000 JavaThread "Build operations" [_thread_blocked, id=2928, stack(0x0000000023160000,0x0000000023260000)]
  0x000000001c5cc800 JavaThread "Cache worker for cache directory md-rule (C:\Users\82105\.gradle\caches\6.1.1\md-rule)" [_thread_blocked, id=1120, stack(0x0000000021690000,0x0000000021790000)]
  0x000000001c5cb800 JavaThread "Cache worker for cache directory md-supplier (C:\Users\82105\.gradle\caches\6.1.1\md-supplier)" [_thread_blocked, id=5156, stack(0x0000000020190000,0x0000000020290000)]
  0x000000001c5cb000 JavaThread "Cache worker for file hash cache (C:\Users\82105\Desktop\irex\.gradle\6.1.1\fileHashes)" [_thread_blocked, id=9760, stack(0x0000000020090000,0x0000000020190000)]
  0x000000001c5ce000 JavaThread "Cache worker for checksums cache (C:\Users\82105\Desktop\irex\.gradle\checksums)" [_thread_blocked, id=5504, stack(0x000000001ff90000,0x0000000020090000)]
  0x000000001c5d0800 JavaThread "Thread-157" [_thread_blocked, id=5384, stack(0x000000001d5f0000,0x000000001d6f0000)]
  0x000000001c5cd800 JavaThread "Stdin handler" [_thread_blocked, id=1592, stack(0x000000001d4f0000,0x000000001d5f0000)]
  0x000000001c5c3800 JavaThread "Asynchronous log dispatcher for DefaultDaemonConnection: socket connection from /127.0.0.1:1809 to /127.0.0.1:2249" [_thread_blocked, id=1468, stack(0x000000001d3f0000,0x000000001d4f0000)]
  0x000000001c5ca000 JavaThread "Daemon worker Thread 5" [_thread_blocked, id=3044, stack(0x000000001d2f0000,0x000000001d3f0000)]
  0x000000001c5c2800 JavaThread "Cancel handler" [_thread_blocked, id=4944, stack(0x000000001cdf0000,0x000000001cef0000)]
  0x000000001c5c8000 JavaThread "Handler for socket connection from /127.0.0.1:1809 to /127.0.0.1:2249" [_thread_in_native, id=4772, stack(0x0000000002ea0000,0x0000000002fa0000)]
  0x000000001c5c4000 JavaThread "Daemon Thread 5" [_thread_blocked, id=836, stack(0x0000000001510000,0x0000000001610000)]
  0x000000001ee66800 JavaThread "Cache worker for Java compile cache (C:\Users\82105\.gradle\caches\6.1.1\javaCompile)" [_thread_blocked, id=1920, stack(0x0000000028500000,0x0000000028600000)]
  0x000000001c5c9800 JavaThread "Cache worker for file content cache (C:\Users\82105\.gradle\caches\6.1.1\fileContent)" [_thread_blocked, id=8612, stack(0x0000000024810000,0x0000000024910000)]
  0x000000001c5c2000 JavaThread "Memory manager" [_thread_blocked, id=6672, stack(0x0000000024710000,0x0000000024810000)]
  0x000000001b098800 JavaThread "Cache worker for execution history cache (C:\Users\82105\.gradle\caches\6.1.1\executionHistory)" [_thread_blocked, id=9228, stack(0x0000000020330000,0x0000000020430000)]
  0x000000001b09a800 JavaThread "Cache worker for file hash cache (C:\Users\82105\.gradle\caches\6.1.1\fileHashes)" [_thread_blocked, id=1288, stack(0x000000001daf0000,0x000000001dbf0000)]
  0x000000001b09b800 JavaThread "File lock request listener" [_thread_in_native, id=2252, stack(0x000000001d9f0000,0x000000001daf0000)]
  0x000000001ac8e800 JavaThread "Cache worker for journal cache (C:\Users\82105\.gradle\caches\journal-1)" [_thread_blocked, id=8760, stack(0x000000001d8f0000,0x000000001d9f0000)]
  0x000000001bafd000 JavaThread "Daemon periodic checks" [_thread_blocked, id=8672, stack(0x000000001ccf0000,0x000000001cdf0000)]
  0x000000001bae5000 JavaThread "Incoming local TCP Connector on port 1809" [_thread_in_native, id=3320, stack(0x000000001cb10000,0x000000001cc10000)]
  0x000000001a285000 JavaThread "Daemon health stats" [_thread_blocked, id=780, stack(0x000000001ca10000,0x000000001cb10000)]
  0x000000001959c000 JavaThread "Service Thread" daemon [_thread_blocked, id=5116, stack(0x0000000019e20000,0x0000000019f20000)]
  0x000000001954c800 JavaThread "C1 CompilerThread2" daemon [_thread_blocked, id=10372, stack(0x0000000019d20000,0x0000000019e20000)]
  0x000000001952d000 JavaThread "C2 CompilerThread1" daemon [_thread_in_native, id=8600, stack(0x0000000019c20000,0x0000000019d20000)]
=>0x000000001822a000 JavaThread "C2 CompilerThread0" daemon [_thread_in_native, id=6728, stack(0x0000000019b20000,0x0000000019c20000)]
  0x00000000181df000 JavaThread "Attach Listener" daemon [_thread_blocked, id=9632, stack(0x0000000019a20000,0x0000000019b20000)]
  0x0000000019528800 JavaThread "Signal Dispatcher" daemon [_thread_blocked, id=10656, stack(0x0000000019920000,0x0000000019a20000)]
  0x00000000035ab000 JavaThread "Finalizer" daemon [_thread_blocked, id=3476, stack(0x0000000019420000,0x0000000019520000)]
  0x00000000181b9000 JavaThread "Reference Handler" daemon [_thread_blocked, id=9232, stack(0x0000000019320000,0x0000000019420000)]
  0x00000000033ad800 JavaThread "main" [_thread_blocked, id=1372, stack(0x00000000033b0000,0x00000000034b0000)]

Other Threads:
  0x0000000018196800 VMThread [stack: 0x0000000019220000,0x0000000019320000] [id=8360]
  0x000000001959d000 WatcherThread [stack: 0x0000000019f20000,0x000000001a020000] [id=3024]

VM state:not at safepoint (normal execution)

VM Mutex/Monitor currently owned by a thread: None

heap address: 0x0000000080000000, size: 2048 MB, Compressed Oops mode: 32-bit
Narrow klass base: 0x0000000000000000, Narrow klass shift: 3
Compressed class space size: 1073741824 Address: 0x0000000100000000

Heap:
 PSYoungGen      total 545792K, used 259080K [0x00000000d5580000, 0x00000000fbd80000, 0x0000000100000000)
  eden space 505344K, 44% used [0x00000000d5580000,0x00000000e3332940,0x00000000f4300000)
  from space 40448K, 79% used [0x00000000f4300000,0x00000000f624fa30,0x00000000f6a80000)
  to   space 43520K, 0% used [0x00000000f9300000,0x00000000f9300000,0x00000000fbd80000)
 ParOldGen       total 172544K, used 51602K [0x0000000080000000, 0x000000008a880000, 0x00000000d5580000)
  object space 172544K, 29% used [0x0000000080000000,0x0000000083264a60,0x000000008a880000)
 Metaspace       used 106734K, capacity 112698K, committed 112984K, reserved 1146880K
  class space    used 13755K, capacity 14911K, committed 14976K, reserved 1048576K

Card table byte_map: [0x0000000012970000,0x0000000012d80000] byte_map_base: 0x0000000012570000

Marking Bits: (ParMarkBitMap*) 0x00000000557af030
 Begin Bits: [0x0000000013430000, 0x0000000015430000)
 End Bits:   [0x0000000015430000, 0x0000000017430000)

Polling page: 0x0000000001630000

CodeCache: size=245760Kb used=65665Kb max_used=66663Kb free=180094Kb
 bounds [0x00000000035b0000, 0x0000000007730000, 0x00000000125b0000]
 total_blobs=19440 nmethods=18520 adapters=829
 compilation: enabled

Compilation events (10 events):
Event: 1425.708 Thread 0x000000001954c800 nmethod 23400 0x0000000004dce050 code [0x0000000004dce2a0, 0x0000000004dcefa8]
Event: 1425.712 Thread 0x000000001954c800 23402   !   2       sun.nio.cs.ext.DoubleByte$Encoder::encodeArrayLoop (409 bytes)
Event: 1425.716 Thread 0x000000001954c800 nmethod 23402 0x00000000051a5cd0 code [0x00000000051a6280, 0x00000000051a85e8]
Event: 1425.867 Thread 0x000000001954c800 23403       3       java.nio.Bits::copyToArray (68 bytes)
Event: 1425.867 Thread 0x000000001954c800 nmethod 23403 0x0000000004fc2f10 code [0x0000000004fc3080, 0x0000000004fc33e8]
Event: 1425.914 Thread 0x000000001954c800 23404  s    2       sun.security.provider.SecureRandom::engineNextBytes (242 bytes)
Event: 1425.915 Thread 0x000000001954c800 nmethod 23404 0x0000000004ac6b90 code [0x0000000004ac6d80, 0x0000000004ac75d8]
Event: 1425.915 Thread 0x000000001954c800 23405       2       sun.security.provider.SecureRandom::updateState (81 bytes)
Event: 1425.916 Thread 0x000000001954c800 nmethod 23405 0x0000000004950450 code [0x00000000049505c0, 0x00000000049507f0]
Event: 1425.918 Thread 0x000000001954c800 23406 %     3       java.math.MutableBigInteger::mul @ 69 (173 bytes)

GC Heap History (10 events):
Event: 169.863 GC heap before
{Heap before GC invocations=25 (full 3):
 PSYoungGen      total 435712K, used 430365K [0x00000000d5580000, 0x00000000f5f00000, 0x0000000100000000)
  eden space 402944K, 100% used [0x00000000d5580000,0x00000000edf00000,0x00000000edf00000)
  from space 32768K, 83% used [0x00000000edf00000,0x00000000ef9c76b8,0x00000000eff00000)
  to   space 36352K, 0% used [0x00000000f3b80000,0x00000000f3b80000,0x00000000f5f00000)
 ParOldGen       total 114688K, used 55198K [0x0000000080000000, 0x0000000087000000, 0x00000000d5580000)
  object space 114688K, 48% used [0x0000000080000000,0x00000000835e7820,0x0000000087000000)
 Metaspace       used 87515K, capacity 91776K, committed 91864K, reserved 1128448K
  class space    used 11476K, capacity 12263K, committed 12288K, reserved 1048576K
Event: 169.934 GC heap after
Heap after GC invocations=25 (full 3):
 PSYoungGen      total 495104K, used 27400K [0x00000000d5580000, 0x00000000f6580000, 0x0000000100000000)
  eden space 458752K, 0% used [0x00000000d5580000,0x00000000d5580000,0x00000000f1580000)
  from space 36352K, 75% used [0x00000000f3b80000,0x00000000f56422e8,0x00000000f5f00000)
  to   space 38912K, 0% used [0x00000000f1580000,0x00000000f1580000,0x00000000f3b80000)
 ParOldGen       total 114688K, used 55206K [0x0000000080000000, 0x0000000087000000, 0x00000000d5580000)
  object space 114688K, 48% used [0x0000000080000000,0x00000000835e9820,0x0000000087000000)
 Metaspace       used 87515K, capacity 91776K, committed 91864K, reserved 1128448K
  class space    used 11476K, capacity 12263K, committed 12288K, reserved 1048576K
}
Event: 408.121 GC heap before
{Heap before GC invocations=26 (full 3):
 PSYoungGen      total 495104K, used 486152K [0x00000000d5580000, 0x00000000f6580000, 0x0000000100000000)
  eden space 458752K, 100% used [0x00000000d5580000,0x00000000f1580000,0x00000000f1580000)
  from space 36352K, 75% used [0x00000000f3b80000,0x00000000f56422e8,0x00000000f5f00000)
  to   space 38912K, 0% used [0x00000000f1580000,0x00000000f1580000,0x00000000f3b80000)
 ParOldGen       total 114688K, used 55206K [0x0000000080000000, 0x0000000087000000, 0x00000000d5580000)
  object space 114688K, 48% used [0x0000000080000000,0x00000000835e9820,0x0000000087000000)
 Metaspace       used 91668K, capacity 96272K, committed 96344K, reserved 1132544K
  class space    used 12054K, capacity 12877K, committed 12928K, reserved 1048576K
Event: 408.179 GC heap after
Heap after GC invocations=26 (full 3):
 PSYoungGen      total 497664K, used 27194K [0x00000000d5580000, 0x00000000f9d00000, 0x0000000100000000)
  eden space 458752K, 0% used [0x00000000d5580000,0x00000000d5580000,0x00000000f1580000)
  from space 38912K, 69% used [0x00000000f1580000,0x00000000f300ea98,0x00000000f3b80000)
  to   space 40960K, 0% used [0x00000000f7500000,0x00000000f7500000,0x00000000f9d00000)
 ParOldGen       total 114688K, used 55214K [0x0000000080000000, 0x0000000087000000, 0x00000000d5580000)
  object space 114688K, 48% used [0x0000000080000000,0x00000000835eb820,0x0000000087000000)
 Metaspace       used 91668K, capacity 96272K, committed 96344K, reserved 1132544K
  class space    used 12054K, capacity 12877K, committed 12928K, reserved 1048576K
}
Event: 675.446 GC heap before
{Heap before GC invocations=27 (full 3):
 PSYoungGen      total 497664K, used 455960K [0x00000000d5580000, 0x00000000f9d00000, 0x0000000100000000)
  eden space 458752K, 93% used [0x00000000d5580000,0x00000000ef8376e0,0x00000000f1580000)
  from space 38912K, 69% used [0x00000000f1580000,0x00000000f300ea98,0x00000000f3b80000)
  to   space 40960K, 0% used [0x00000000f7500000,0x00000000f7500000,0x00000000f9d00000)
 ParOldGen       total 114688K, used 55214K [0x0000000080000000, 0x0000000087000000, 0x00000000d5580000)
  object space 114688K, 48% used [0x0000000080000000,0x00000000835eb820,0x0000000087000000)
 Metaspace       used 93193K, capacity 98238K, committed 98280K, reserved 1134592K
  class space    used 12145K, capacity 13016K, committed 13056K, reserved 1048576K
Event: 675.489 GC heap after
Heap after GC invocations=27 (full 3):
 PSYoungGen      total 535040K, used 20434K [0x00000000d5580000, 0x00000000f9200000, 0x0000000100000000)
  eden space 505344K, 0% used [0x00000000d5580000,0x00000000d5580000,0x00000000f4300000)
  from space 29696K, 68% used [0x00000000f7500000,0x00000000f88f4828,0x00000000f9200000)
  to   space 40448K, 0% used [0x00000000f4300000,0x00000000f4300000,0x00000000f6a80000)
 ParOldGen       total 114688K, used 55222K [0x0000000080000000, 0x0000000087000000, 0x00000000d5580000)
  object space 114688K, 48% used [0x0000000080000000,0x00000000835ed820,0x0000000087000000)
 Metaspace       used 93193K, capacity 98238K, committed 98280K, reserved 1134592K
  class space    used 12145K, capacity 13016K, committed 13056K, reserved 1048576K
}
Event: 675.489 GC heap before
{Heap before GC invocations=28 (full 4):
 PSYoungGen      total 535040K, used 20434K [0x00000000d5580000, 0x00000000f9200000, 0x0000000100000000)
  eden space 505344K, 0% used [0x00000000d5580000,0x00000000d5580000,0x00000000f4300000)
  from space 29696K, 68% used [0x00000000f7500000,0x00000000f88f4828,0x00000000f9200000)
  to   space 40448K, 0% used [0x00000000f4300000,0x00000000f4300000,0x00000000f6a80000)
 ParOldGen       total 114688K, used 55222K [0x0000000080000000, 0x0000000087000000, 0x00000000d5580000)
  object space 114688K, 48% used [0x0000000080000000,0x00000000835ed820,0x0000000087000000)
 Metaspace       used 93193K, capacity 98238K, committed 98280K, reserved 1134592K
  class space    used 12145K, capacity 13016K, committed 13056K, reserved 1048576K
Event: 675.807 GC heap after
Heap after GC invocations=28 (full 4):
 PSYoungGen      total 535040K, used 0K [0x00000000d5580000, 0x00000000f9200000, 0x0000000100000000)
  eden space 505344K, 0% used [0x00000000d5580000,0x00000000d5580000,0x00000000f4300000)
  from space 29696K, 0% used [0x00000000f7500000,0x00000000f7500000,0x00000000f9200000)
  to   space 40448K, 0% used [0x00000000f4300000,0x00000000f4300000,0x00000000f6a80000)
 ParOldGen       total 172544K, used 51594K [0x0000000080000000, 0x000000008a880000, 0x00000000d5580000)
  object space 172544K, 29% used [0x0000000080000000,0x0000000083262a60,0x000000008a880000)
 Metaspace       used 93003K, capacity 97692K, committed 98280K, reserved 1134592K
  class space    used 12082K, capacity 12905K, committed 13056K, reserved 1048576K
}
Event: 1423.052 GC heap before
{Heap before GC invocations=29 (full 4):
 PSYoungGen      total 535040K, used 505344K [0x00000000d5580000, 0x00000000f9200000, 0x0000000100000000)
  eden space 505344K, 100% used [0x00000000d5580000,0x00000000f4300000,0x00000000f4300000)
  from space 29696K, 0% used [0x00000000f7500000,0x00000000f7500000,0x00000000f9200000)
  to   space 40448K, 0% used [0x00000000f4300000,0x00000000f4300000,0x00000000f6a80000)
 ParOldGen       total 172544K, used 51594K [0x0000000080000000, 0x000000008a880000, 0x00000000d5580000)
  object space 172544K, 29% used [0x0000000080000000,0x0000000083262a60,0x000000008a880000)
 Metaspace       used 106516K, capacity 112436K, committed 112728K, reserved 1146880K
  class space    used 13742K, capacity 14874K, committed 14976K, reserved 1048576K
Event: 1423.112 GC heap after
Heap after GC invocations=29 (full 4):
 PSYoungGen      total 545792K, used 32062K [0x00000000d5580000, 0x00000000fbd80000, 0x0000000100000000)
  eden space 505344K, 0% used [0x00000000d5580000,0x00000000d5580000,0x00000000f4300000)
  from space 40448K, 79% used [0x00000000f4300000,0x00000000f624fa30,0x00000000f6a80000)
  to   space 43520K, 0% used [0x00000000f9300000,0x00000000f9300000,0x00000000fbd80000)
 ParOldGen       total 172544K, used 51602K [0x0000000080000000, 0x000000008a880000, 0x00000000d5580000)
  object space 172544K, 29% used [0x0000000080000000,0x0000000083264a60,0x000000008a880000)
 Metaspace       used 106516K, capacity 112436K, committed 112728K, reserved 1146880K
  class space    used 13742K, capacity 14874K, committed 14976K, reserved 1048576K
}

Deoptimization events (10 events):
Event: 1424.043 Thread 0x000000001c680000 Uncommon trap: reason=predicate action=maybe_recompile pc=0x0000000006cc2064 method=java.util.TimSort.mergeLo(IIII)V @ 153
Event: 1424.381 Thread 0x000000001ee68000 Uncommon trap: reason=bimorphic action=maybe_recompile pc=0x0000000003a9d534 method=org.gradle.internal.snapshot.CompositeFileSystemSnapshot.accept(Lorg/gradle/internal/snapshot/FileSystemSnapshotVisitor;)V @ 29
Event: 1424.381 Thread 0x000000001ee68000 Uncommon trap: reason=class_check action=maybe_recompile pc=0x0000000004997fb8 method=org.gradle.internal.fingerprint.impl.AbsolutePathFingerprintingStrategy$1.visitFile(Lorg/gradle/internal/snapshot/CompleteFileSystemLocationSnapshot;)V @ 18
Event: 1424.381 Thread 0x000000001ee68000 Uncommon trap: reason=bimorphic action=maybe_recompile pc=0x00000000075548dc method=org.gradle.internal.fingerprint.impl.DefaultCurrentFileCollectionFingerprint.from(Ljava/lang/Iterable;Lorg/gradle/internal/fingerprint/FingerprintingStrategy;)Lorg/gradle/
Event: 1424.381 Thread 0x000000001ee68000 Uncommon trap: reason=bimorphic action=maybe_recompile pc=0x0000000003a9d534 method=org.gradle.internal.snapshot.CompositeFileSystemSnapshot.accept(Lorg/gradle/internal/snapshot/FileSystemSnapshotVisitor;)V @ 29
Event: 1424.381 Thread 0x000000001ee68000 Uncommon trap: reason=class_check action=maybe_recompile pc=0x0000000004997fb8 method=org.gradle.internal.fingerprint.impl.AbsolutePathFingerprintingStrategy$1.visitFile(Lorg/gradle/internal/snapshot/CompleteFileSystemLocationSnapshot;)V @ 18
Event: 1424.381 Thread 0x000000001ee68000 Uncommon trap: reason=bimorphic action=maybe_recompile pc=0x00000000075548dc method=org.gradle.internal.fingerprint.impl.DefaultCurrentFileCollectionFingerprint.from(Ljava/lang/Iterable;Lorg/gradle/internal/fingerprint/FingerprintingStrategy;)Lorg/gradle/
Event: 1424.381 Thread 0x000000001ee68000 Uncommon trap: reason=class_check action=maybe_recompile pc=0x000000000719786c method=org.gradle.internal.execution.history.changes.AbstractFingerprintCompareStrategy.visitChangesSince(Lorg/gradle/internal/fingerprint/FileCollectionFingerprint;Lorg/gradle
Event: 1424.381 Thread 0x000000001ee68000 Uncommon trap: reason=class_check action=maybe_recompile pc=0x000000000719786c method=org.gradle.internal.execution.history.changes.AbstractFingerprintCompareStrategy.visitChangesSince(Lorg/gradle/internal/fingerprint/FileCollectionFingerprint;Lorg/gradle
Event: 1425.417 Thread 0x000000001c680000 Uncommon trap: reason=bimorphic action=maybe_recompile pc=0x000000000416bf54 method=java.security.MessageDigest$Delegate.clone()Ljava/lang/Object; @ 14

Classes redefined (0 events):
No events

Internal exceptions (10 events):
Event: 1423.280 Thread 0x000000001c5ca000 Exception <a 'sun/nio/fs/WindowsException'> (0x00000000d6c77a28) thrown at [C:\src\AOSP-openjdk-git\hotspot\src\share\vm\prims\jni.cpp, line 710]
Event: 1423.280 Thread 0x000000001c5ca000 Exception <a 'sun/nio/fs/WindowsException'> (0x00000000d6c79208) thrown at [C:\src\AOSP-openjdk-git\hotspot\src\share\vm\prims\jni.cpp, line 710]
Event: 1423.280 Thread 0x000000001c5ca000 Exception <a 'sun/nio/fs/WindowsException'> (0x00000000d6c7aa88) thrown at [C:\src\AOSP-openjdk-git\hotspot\src\share\vm\prims\jni.cpp, line 710]
Event: 1423.281 Thread 0x000000001c5ca000 Exception <a 'sun/nio/fs/WindowsException'> (0x00000000d6c7d380) thrown at [C:\src\AOSP-openjdk-git\hotspot\src\share\vm\prims\jni.cpp, line 710]
Event: 1423.281 Thread 0x000000001c5ca000 Exception <a 'sun/nio/fs/WindowsException'> (0x00000000d6c7eb70) thrown at [C:\src\AOSP-openjdk-git\hotspot\src\share\vm\prims\jni.cpp, line 710]
Event: 1423.285 Thread 0x000000001c5ca000 Exception <a 'sun/nio/fs/WindowsException'> (0x00000000d6c80400) thrown at [C:\src\AOSP-openjdk-git\hotspot\src\share\vm\prims\jni.cpp, line 710]
Event: 1423.936 Thread 0x000000001c680800 Exception <a 'sun/nio/fs/WindowsException'> (0x00000000d91d6568) thrown at [C:\src\AOSP-openjdk-git\hotspot\src\share\vm\prims\jni.cpp, line 710]
Event: 1424.361 Thread 0x000000001c67a800 Exception <a 'sun/nio/fs/WindowsException'> (0x00000000d9d88ee0) thrown at [C:\src\AOSP-openjdk-git\hotspot\src\share\vm\prims\jni.cpp, line 710]
Event: 1424.532 Thread 0x000000001c686000 Exception <a 'sun/nio/fs/WindowsException'> (0x00000000de510e40) thrown at [C:\src\AOSP-openjdk-git\hotspot\src\share\vm\prims\jni.cpp, line 710]
Event: 1425.581 Thread 0x000000001c681800 Exception <a 'sun/nio/fs/WindowsException'> (0x00000000e2bf5c70) thrown at [C:\src\AOSP-openjdk-git\hotspot\src\share\vm\prims\jni.cpp, line 710]

Events (10 events):
Event: 1425.700 Executing VM operation: RevokeBias
Event: 1425.701 Executing VM operation: RevokeBias done
Event: 1425.701 Executing VM operation: RevokeBias
Event: 1425.701 Executing VM operation: RevokeBias done
Event: 1425.839 Executing VM operation: RevokeBias
Event: 1425.839 Executing VM operation: RevokeBias done
Event: 1425.839 Executing VM operation: RevokeBias
Event: 1425.839 Executing VM operation: RevokeBias done
Event: 1425.914 Executing VM operation: RevokeBias
Event: 1425.914 Executing VM operation: RevokeBias done


Dynamic libraries:
0x00007ff703320000 - 0x00007ff703351000 	C:\Program Files\Android\Android Studio\jre\bin\java.exe
0x00007ff997880000 - 0x00007ff997a70000 	C:\WINDOWS\SYSTEM32\ntdll.dll
0x00007ff9960d0000 - 0x00007ff996182000 	C:\WINDOWS\System32\KERNEL32.DLL
0x00007ff994b70000 - 0x00007ff994e15000 	C:\WINDOWS\System32\KERNELBASE.dll
0x00007ff995f40000 - 0x00007ff995fe3000 	C:\WINDOWS\System32\ADVAPI32.dll
0x00007ff996a50000 - 0x00007ff996aee000 	C:\WINDOWS\System32\msvcrt.dll
0x00007ff9961a0000 - 0x00007ff996237000 	C:\WINDOWS\System32\sechost.dll
0x00007ff996930000 - 0x00007ff996a50000 	C:\WINDOWS\System32\RPCRT4.dll
0x00007ff9964e0000 - 0x00007ff996674000 	C:\WINDOWS\System32\USER32.dll
0x00007ff995800000 - 0x00007ff995821000 	C:\WINDOWS\System32\win32u.dll
0x00007ff997030000 - 0x00007ff997056000 	C:\WINDOWS\System32\GDI32.dll
0x00007ff9947f0000 - 0x00007ff994986000 	C:\WINDOWS\System32\gdi32full.dll
0x00007ff994fb0000 - 0x00007ff99504e000 	C:\WINDOWS\System32\msvcp_win.dll
0x00007ff995830000 - 0x00007ff99592a000 	C:\WINDOWS\System32\ucrtbase.dll
0x00007ff984330000 - 0x00007ff9845b4000 	C:\WINDOWS\WinSxS\amd64_microsoft.windows.common-controls_6595b64144ccf1df_6.0.18362.1256_none_9e7e379be45e40e2\COMCTL32.dll
0x00007ff996cf0000 - 0x00007ff997026000 	C:\WINDOWS\System32\combase.dll
0x00007ff994ae0000 - 0x00007ff994b61000 	C:\WINDOWS\System32\bcryptPrimitives.dll
0x00007ff995ff0000 - 0x00007ff99601e000 	C:\WINDOWS\System32\IMM32.DLL
0x0000000056ce0000 - 0x0000000056db2000 	C:\Program Files\Android\Android Studio\jre\jre\bin\msvcr100.dll
0x0000000054fe0000 - 0x000000005582b000 	C:\Program Files\Android\Android Studio\jre\jre\bin\server\jvm.dll
0x00007ff996190000 - 0x00007ff996198000 	C:\WINDOWS\System32\PSAPI.DLL
0x00007ff984a20000 - 0x00007ff984a29000 	C:\WINDOWS\SYSTEM32\WSOCK32.dll
0x00007ff996860000 - 0x00007ff9968cf000 	C:\WINDOWS\System32\WS2_32.dll
0x00007ff9925b0000 - 0x00007ff9925d4000 	C:\WINDOWS\SYSTEM32\WINMM.dll
0x00007ff98a700000 - 0x00007ff98a70a000 	C:\WINDOWS\SYSTEM32\VERSION.dll
0x00007ff992210000 - 0x00007ff99223d000 	C:\WINDOWS\SYSTEM32\WINMMBASE.dll
0x00007ff994ed0000 - 0x00007ff994f1a000 	C:\WINDOWS\System32\cfgmgr32.dll
0x00007ff991020000 - 0x00007ff99102f000 	C:\Program Files\Android\Android Studio\jre\jre\bin\verify.dll
0x00007ff990ff0000 - 0x00007ff991019000 	C:\Program Files\Android\Android Studio\jre\jre\bin\java.dll
0x00007ff990fd0000 - 0x00007ff990fe6000 	C:\Program Files\Android\Android Studio\jre\jre\bin\zip.dll
0x00007ff997130000 - 0x00007ff997817000 	C:\WINDOWS\System32\SHELL32.dll
0x00007ff996020000 - 0x00007ff9960c9000 	C:\WINDOWS\System32\shcore.dll
0x00007ff995070000 - 0x00007ff9957f1000 	C:\WINDOWS\System32\windows.storage.dll
0x00007ff994780000 - 0x00007ff9947a3000 	C:\WINDOWS\System32\profapi.dll
0x00007ff994730000 - 0x00007ff99477a000 	C:\WINDOWS\System32\powrprof.dll
0x00007ff994720000 - 0x00007ff994730000 	C:\WINDOWS\System32\UMPDC.dll
0x00007ff996af0000 - 0x00007ff996b42000 	C:\WINDOWS\System32\shlwapi.dll
0x00007ff9947b0000 - 0x00007ff9947c1000 	C:\WINDOWS\System32\kernel.appcore.dll
0x00007ff995050000 - 0x00007ff995067000 	C:\WINDOWS\System32\cryptsp.dll
0x00007ff990fb0000 - 0x00007ff990fca000 	C:\Program Files\Android\Android Studio\jre\jre\bin\net.dll
0x00007ff993f10000 - 0x00007ff993f77000 	C:\WINDOWS\system32\mswsock.dll
0x00007ff990f90000 - 0x00007ff990fa3000 	C:\Program Files\Android\Android Studio\jre\jre\bin\nio.dll
0x00007ff98d190000 - 0x00007ff98d1b6000 	C:\Users\82105\.gradle\native\31\windows-amd64\native-platform.dll
0x00007ff990f80000 - 0x00007ff990f8d000 	C:\Program Files\Android\Android Studio\jre\jre\bin\management.dll
0x00007ff993a80000 - 0x00007ff993ab3000 	C:\WINDOWS\system32\rsaenh.dll
0x00007ff994f20000 - 0x00007ff994f46000 	C:\WINDOWS\System32\bcrypt.dll
0x00007ff994640000 - 0x00007ff994665000 	C:\WINDOWS\SYSTEM32\USERENV.dll
0x00007ff9940e0000 - 0x00007ff9940ec000 	C:\WINDOWS\SYSTEM32\CRYPTBASE.dll
0x00007ff993c20000 - 0x00007ff993c5a000 	C:\WINDOWS\SYSTEM32\IPHLPAPI.DLL
0x00007ff997830000 - 0x00007ff997838000 	C:\WINDOWS\System32\NSI.dll
0x00007ff98a580000 - 0x00007ff98a596000 	C:\WINDOWS\SYSTEM32\dhcpcsvc6.DLL
0x00007ff98a710000 - 0x00007ff98a72c000 	C:\WINDOWS\SYSTEM32\dhcpcsvc.DLL
0x00007ff993c60000 - 0x00007ff993d2b000 	C:\WINDOWS\SYSTEM32\DNSAPI.dll
0x00007ff992960000 - 0x00007ff9929ef000 	C:\WINDOWS\system32\apphelp.dll

VM Arguments:
jvm_args: -Xmx2048m -Dfile.encoding=x-windows-949 -Duser.country=KR -Duser.language=ko -Duser.variant 
java_command: org.gradle.launcher.daemon.bootstrap.GradleDaemon 6.1.1
java_class_path (initial): C:\Users\82105\.gradle\wrapper\dists\gradle-6.1.1-all\cfmwm155h49vnt3hynmlrsdst\gradle-6.1.1\lib\gradle-launcher-6.1.1.jar
Launcher Type: SUN_STANDARD

Environment Variables:
JAVA_HOME=C:\jdk 15
CLASSPATH=C:\jdk 15\;.;
PATH=C:\Program Files\Common Files\Oracle\Java\javapath;C:\WINDOWS\system32;C:\WINDOWS;C:\WINDOWS\System32\Wbem;C:\WINDOWS\System32\WindowsPowerShell\v1.0\;C:\WINDOWS\System32\OpenSSH\;C:\Program Files\PostgreSQL\12\bin;C:\Program Files\dotnet\;C:\jdk 15\bin;%USERPROFILE%\AppData\Local\Microsoft\WindowsApps;;C:\Users\82105\AppData\Local\Programs\Microsoft VS Code\bin;C:\Program Files (x86)\SoftForum\XecureHSM\;
USERNAME=82105
OS=Windows_NT
PROCESSOR_IDENTIFIER=Intel64 Family 6 Model 61 Stepping 4, GenuineIntel



---------------  S Y S T E M  ---------------

OS: Windows 10.0 , 64 bit Build 18362 (10.0.18362.1110)

CPU:total 4 (initial active 4) (2 cores per cpu, 2 threads per core) family 6 model 61 stepping 4, cmov, cx8, fxsr, mmx, sse, sse2, sse3, ssse3, sse4.1, sse4.2, popcnt, avx, avx2, aes, clmul, erms, 3dnowpref, lzcnt, ht, tsc, tscinvbit, bmi1, bmi2, adx

Memory: 4k page, physical 8302164k(640500k free), swap 8302164k(6420k free)

vm_info: OpenJDK 64-Bit Server VM (25.242-b01) for windows-amd64 JRE (1.8.0_242-release-1644-b01), built by "builder" with MS VC++ 10.0 (VS2010)

time: Tue Dec 22 11:19:47 2020
timezone: 대한민국 표준시
elapsed time: 1425 seconds (0d 0h 23m 45s)

